<?xml version="1.0" encoding="UTF-8"?>
<!-- Generated by org.testng.reporters.JUnitXMLReporter -->
<testsuite ignored="0" hostname="DESKTOP-TKM73T0" failures="0" tests="3" name="Default test" time="0.101" errors="0" timestamp="2021-09-21T16:53:39 IST">
  <testcase classname="com.comcast.Contact.createContactTest" name="createContactTest" time="0.017"/>
  <testcase classname="com.comcast.Contact.createContactTest" name="createContactWithOrgTest" time="0.003"/>
  <testcase classname="com.comcast.Contact.createContactTest" name="deleteContactTest" time="0.002"/>
</testsuite> <!-- Default test -->
