<?xml version="1.0" encoding="UTF-8"?>
<testng-results ignored="0" total="3" passed="3" failed="0" skipped="0">
  <reporter-output>
  </reporter-output>
  <suite started-at="2021-09-21T16:53:38 IST" name="Default suite" finished-at="2021-09-21T16:53:38 IST" duration-ms="101">
    <groups>
    </groups>
    <test started-at="2021-09-21T16:53:38 IST" name="Default test" finished-at="2021-09-21T16:53:38 IST" duration-ms="101">
      <class name="com.comcast.Contact.createContactTest">
        <test-method signature="createContactTest()[pri:0, instance:com.comcast.Contact.createContactTest@355ce81c]" started-at="2021-09-21T16:53:38 IST" name="createContactTest" finished-at="2021-09-21T16:53:38 IST" duration-ms="17" status="PASS">
          <reporter-output>
          </reporter-output>
        </test-method> <!-- createContactTest -->
        <test-method signature="createContactWithOrgTest()[pri:0, instance:com.comcast.Contact.createContactTest@355ce81c]" started-at="2021-09-21T16:53:38 IST" name="createContactWithOrgTest" finished-at="2021-09-21T16:53:38 IST" duration-ms="3" status="PASS">
          <reporter-output>
          </reporter-output>
        </test-method> <!-- createContactWithOrgTest -->
        <test-method signature="deleteContactTest()[pri:0, instance:com.comcast.Contact.createContactTest@355ce81c]" started-at="2021-09-21T16:53:38 IST" name="deleteContactTest" finished-at="2021-09-21T16:53:38 IST" duration-ms="2" status="PASS">
          <reporter-output>
          </reporter-output>
        </test-method> <!-- deleteContactTest -->
      </class> <!-- com.comcast.Contact.createContactTest -->
    </test> <!-- Default test -->
  </suite> <!-- Default suite -->
</testng-results>
